<?xml version="1.0" encoding="UTF-8" ?><testsuite errors="0" name="jasmine.specs" tests="11" failures="0" skipped="0" hostname="localhost" time="0.0" timestamp="2013-03-14T10:02:54"><testcase classname="jasmine" name="The fillPage function schould create an container" time="0.0" failure="false"/><testcase classname="jasmine" name="The fillPage function should create de width for the divs" time="0.0" failure="false"/><testcase classname="jasmine" name="The fillPage function should create 25 divs and put in the container" time="0.0" failure="false"/><testcase classname="jasmine" name="The fillPage function should have element img with id image16 in div" time="0.0" failure="false"/><testcase classname="jasmine" name="The createPopup functions should create a div named popup" time="0.0" failure="false"/><testcase classname="jasmine" name="The getSizeOriginalImage functions should give a size height or width" time="0.0" failure="false"/><testcase classname="jasmine" name="The getNextImage and getPreviousImage functions should have nextImage" time="0.0" failure="false"/><testcase classname="jasmine" name="The getNextImage and getPreviousImage functions should have previousImage" time="0.0" failure="false"/><testcase classname="jasmine" name="The createAndaddOverlay functions should create div overlay" time="0.0" failure="false"/><testcase classname="jasmine" name="The setupImageZoom functions should set up image zoomed and return" time="0.0" failure="false"/><testcase classname="jasmine" name="The formatDate functions should convert date to string" time="0.0" failure="false"/></testsuite>